<?xml version="1.0" encoding="UTF-8"?>
<!-- Generated by org.testng.reporters.JUnitXMLReporter -->
<testsuite ignored="0" hostname="Latitude" failures="0" tests="4" name="Test" time="73.494" errors="0" timestamp="2025-05-11T16:18:57 CDT">
  <testcase classname="testClasses.LoginTest" name="excuteLoginTest" time="4.155"/>
  <testcase classname="testClasses.RegisterPatientTest" name="AddPatient" time="9.718"/>
  <testcase classname="testClasses.AddAppointmentTest" name="Add_Appointment" time="16.709"/>
  <testcase classname="testClasses.AddVitalTest" name="addVitals" time="17.239"/>
</testsuite> <!-- Test -->
