<?xml version="1.0" encoding="UTF-8"?>
<testng-results ignored="0" total="4" passed="4" failed="0" skipped="0">
  <reporter-output>
    <line>
      <![CDATA[Test case Got passed]]>
    </line>
    <line>
      <![CDATA[Test case Got passed]]>
    </line>
    <line>
      <![CDATA[Test case Got passed]]>
    </line>
    <line>
      <![CDATA[Test case Got passed]]>
    </line>
  </reporter-output>
  <suite started-at="2025-05-11T16:17:43 CDT" name="Suite" finished-at="2025-05-11T16:18:57 CDT" duration-ms="73494">
    <groups>
      <group name="@sanity">
        <method signature="LoginTest.excuteLoginTest()[pri:0, instance:testClasses.LoginTest@65c7a252]" name="excuteLoginTest" class="testClasses.LoginTest"/>
        <method signature="RegisterPatientTest.AddPatient(java.lang.String,java.lang.String)[pri:1, instance:testClasses.RegisterPatientTest@78e4deb0]" name="AddPatient" class="testClasses.RegisterPatientTest"/>
        <method signature="AddAppointmentTest.Add_Appointment()[pri:2, instance:testClasses.AddAppointmentTest@7d0b7e3c]" name="Add_Appointment" class="testClasses.AddAppointmentTest"/>
        <method signature="AddVitalTest.addVitals()[pri:3, instance:testClasses.AddVitalTest@15bb5034]" name="addVitals" class="testClasses.AddVitalTest"/>
      </group> <!-- @sanity -->
    </groups>
    <test started-at="2025-05-11T16:17:43 CDT" name="Test" finished-at="2025-05-11T16:18:57 CDT" duration-ms="73494">
      <class name="testClasses.RegisterPatientTest">
        <test-method is-config="true" signature="launchBrowser()[pri:0, instance:testClasses.RegisterPatientTest@78e4deb0]" started-at="2025-05-11T16:17:55 CDT" name="launchBrowser" finished-at="2025-05-11T16:17:58 CDT" duration-ms="2491" status="PASS">
          <reporter-output>
          </reporter-output>
        </test-method> <!-- launchBrowser -->
        <test-method signature="AddPatient(java.lang.String,java.lang.String)[pri:1, instance:testClasses.RegisterPatientTest@78e4deb0]" started-at="2025-05-11T16:17:58 CDT" name="AddPatient" data-provider="myDp1" finished-at="2025-05-11T16:18:07 CDT" duration-ms="9718" status="PASS">
          <params>
            <param index="0">
              <value>
                <![CDATA[rabin1]]>
              </value>
            </param>
            <param index="1">
              <value>
                <![CDATA[jack1]]>
              </value>
            </param>
          </params>
          <reporter-output>
            <line>
              <![CDATA[Test case Got passed]]>
            </line>
          </reporter-output>
        </test-method> <!-- AddPatient -->
        <test-method is-config="true" signature="closeBrowser()[pri:0, instance:testClasses.RegisterPatientTest@78e4deb0]" started-at="2025-05-11T16:18:08 CDT" name="closeBrowser" finished-at="2025-05-11T16:18:11 CDT" duration-ms="3290" status="PASS">
          <reporter-output>
          </reporter-output>
        </test-method> <!-- closeBrowser -->
      </class> <!-- testClasses.RegisterPatientTest -->
      <class name="testClasses.AddAppointmentTest">
        <test-method is-config="true" signature="launchBrowser()[pri:0, instance:testClasses.AddAppointmentTest@7d0b7e3c]" started-at="2025-05-11T16:18:11 CDT" name="launchBrowser" finished-at="2025-05-11T16:18:13 CDT" duration-ms="2371" status="PASS">
          <reporter-output>
          </reporter-output>
        </test-method> <!-- launchBrowser -->
        <test-method signature="Add_Appointment()[pri:2, instance:testClasses.AddAppointmentTest@7d0b7e3c]" started-at="2025-05-11T16:18:13 CDT" name="Add_Appointment" finished-at="2025-05-11T16:18:30 CDT" duration-ms="16709" status="PASS">
          <reporter-output>
            <line>
              <![CDATA[Test case Got passed]]>
            </line>
          </reporter-output>
        </test-method> <!-- Add_Appointment -->
        <test-method is-config="true" signature="closeBrowser()[pri:0, instance:testClasses.AddAppointmentTest@7d0b7e3c]" started-at="2025-05-11T16:18:30 CDT" name="closeBrowser" finished-at="2025-05-11T16:18:33 CDT" duration-ms="3271" status="PASS">
          <reporter-output>
          </reporter-output>
        </test-method> <!-- closeBrowser -->
      </class> <!-- testClasses.AddAppointmentTest -->
      <class name="testClasses.LoginTest">
        <test-method is-config="true" signature="launchBrowser()[pri:0, instance:testClasses.LoginTest@65c7a252]" started-at="2025-05-11T16:17:43 CDT" name="launchBrowser" finished-at="2025-05-11T16:17:47 CDT" duration-ms="3680" status="PASS">
          <reporter-output>
          </reporter-output>
        </test-method> <!-- launchBrowser -->
        <test-method signature="excuteLoginTest()[pri:0, instance:testClasses.LoginTest@65c7a252]" started-at="2025-05-11T16:17:47 CDT" name="excuteLoginTest" finished-at="2025-05-11T16:17:51 CDT" duration-ms="4155" status="PASS">
          <reporter-output>
            <line>
              <![CDATA[Test case Got passed]]>
            </line>
          </reporter-output>
        </test-method> <!-- excuteLoginTest -->
        <test-method is-config="true" signature="closeBrowser()[pri:0, instance:testClasses.LoginTest@65c7a252]" started-at="2025-05-11T16:17:51 CDT" name="closeBrowser" finished-at="2025-05-11T16:17:55 CDT" duration-ms="3718" status="PASS">
          <reporter-output>
          </reporter-output>
        </test-method> <!-- closeBrowser -->
      </class> <!-- testClasses.LoginTest -->
      <class name="testClasses.AddVitalTest">
        <test-method is-config="true" signature="launchBrowser()[pri:0, instance:testClasses.AddVitalTest@15bb5034]" started-at="2025-05-11T16:18:33 CDT" name="launchBrowser" finished-at="2025-05-11T16:18:36 CDT" duration-ms="2466" status="PASS">
          <reporter-output>
          </reporter-output>
        </test-method> <!-- launchBrowser -->
        <test-method signature="addVitals()[pri:3, instance:testClasses.AddVitalTest@15bb5034]" started-at="2025-05-11T16:18:36 CDT" name="addVitals" finished-at="2025-05-11T16:18:53 CDT" duration-ms="17239" status="PASS">
          <reporter-output>
            <line>
              <![CDATA[Test case Got passed]]>
            </line>
          </reporter-output>
        </test-method> <!-- addVitals -->
        <test-method is-config="true" signature="closeBrowser()[pri:0, instance:testClasses.AddVitalTest@15bb5034]" started-at="2025-05-11T16:18:53 CDT" name="closeBrowser" finished-at="2025-05-11T16:18:57 CDT" duration-ms="3275" status="PASS">
          <reporter-output>
          </reporter-output>
        </test-method> <!-- closeBrowser -->
      </class> <!-- testClasses.AddVitalTest -->
    </test> <!-- Test -->
  </suite> <!-- Suite -->
</testng-results>
